Arguments: 
  /usr/local/bin/node /usr/local/Cellar/yarn/1.16.0/libexec/bin/yarn.js init

PATH: 
  /Users/venkateshnalla/.rvm/gems/ruby-2.3.3/bin:/Users/venkateshnalla/.rvm/gems/ruby-2.3.3@global/bin:/Users/venkateshnalla/.rvm/rubies/ruby-2.3.3/bin:/Users/venkateshnalla/google-cloud-sdk/bin:/usr/local/bin:/usr/bin:/bin:/usr/sbin:/sbin:/Library/Apple/usr/bin:/Users/venkateshnalla/Desktop/Express Maps Server/node_modules/.bin:/Users/venkateshnalla/.rvm/gems/ruby-2.3.3/bin:/Users/venkateshnalla/.rvm/gems/ruby-2.3.3@global/bin:/Users/venkateshnalla/.rvm/rubies/ruby-2.3.3/bin:/Users/venkateshnalla/google-cloud-sdk/bin:/Users/venkateshnalla/.rvm/bin

Yarn version: 
  1.16.0

Node version: 
  12.16.3

Platform: 
  darwin x64

Trace: 
  Error: canceled
      at Interface.<anonymous> (/usr/local/Cellar/yarn/1.16.0/libexec/lib/cli.js:125850:13)
      at Interface.emit (events.js:310:20)
      at Interface._ttyWrite (readline.js:893:16)
      at ReadStream.onkeypress (readline.js:198:10)
      at ReadStream.emit (events.js:310:20)
      at emitKeys (internal/readline/utils.js:438:14)
      at emitKeys.next (<anonymous>)
      at ReadStream.onData (readline.js:1160:36)
      at ReadStream.emit (events.js:310:20)
      at addChunk (_stream_readable.js:286:12)

npm manifest: 
  No manifest

yarn manifest: 
  No manifest

Lockfile: 
  No lockfile
